<?xml version="1.0" encoding="UTF-8"?>
<testsuite xmlns:xsi="http://www.w3.org/2001/XMLSchema-instance" xsi:noNamespaceSchemaLocation="https://maven.apache.org/surefire/maven-surefire-plugin/xsd/surefire-test-report.xsd" name="com.tensquare.test.ProductTest" time="32.083" tests="3" errors="3" skipped="0" failures="0">
  <properties>
    <property name="sun.desktop" value="windows"/>
    <property name="awt.toolkit" value="sun.awt.windows.WToolkit"/>
    <property name="file.encoding.pkg" value="sun.io"/>
    <property name="java.specification.version" value="1.8"/>
    <property name="sun.cpu.isalist" value="amd64"/>
    <property name="sun.jnu.encoding" value="GBK"/>
    <property name="java.class.path" value="D:\Users\ybsde\IdeaProjects\tensquare_parent52\tensquare_rabbimqtest\target\test-classes;D:\Users\ybsde\IdeaProjects\tensquare_parent52\tensquare_rabbimqtest\target\classes;D:\User\ybs\repository\org\springframework\boot\spring-boot-starter-amqp\2.2.2.RELEASE\spring-boot-starter-amqp-2.2.2.RELEASE.jar;D:\User\ybs\repository\org\springframework\boot\spring-boot-starter\2.2.2.RELEASE\spring-boot-starter-2.2.2.RELEASE.jar;D:\User\ybs\repository\org\springframework\boot\spring-boot\2.2.2.RELEASE\spring-boot-2.2.2.RELEASE.jar;D:\User\ybs\repository\org\springframework\boot\spring-boot-autoconfigure\2.2.2.RELEASE\spring-boot-autoconfigure-2.2.2.RELEASE.jar;D:\User\ybs\repository\org\springframework\boot\spring-boot-starter-logging\2.2.2.RELEASE\spring-boot-starter-logging-2.2.2.RELEASE.jar;D:\User\ybs\repository\ch\qos\logback\logback-classic\1.2.3\logback-classic-1.2.3.jar;D:\User\ybs\repository\ch\qos\logback\logback-core\1.2.3\logback-core-1.2.3.jar;D:\User\ybs\repository\org\apache\logging\log4j\log4j-to-slf4j\2.12.1\log4j-to-slf4j-2.12.1.jar;D:\User\ybs\repository\org\apache\logging\log4j\log4j-api\2.12.1\log4j-api-2.12.1.jar;D:\User\ybs\repository\org\slf4j\jul-to-slf4j\1.7.29\jul-to-slf4j-1.7.29.jar;D:\User\ybs\repository\jakarta\annotation\jakarta.annotation-api\1.3.5\jakarta.annotation-api-1.3.5.jar;D:\User\ybs\repository\org\yaml\snakeyaml\1.25\snakeyaml-1.25.jar;D:\User\ybs\repository\org\springframework\spring-messaging\5.2.2.RELEASE\spring-messaging-5.2.2.RELEASE.jar;D:\User\ybs\repository\org\springframework\spring-beans\5.2.2.RELEASE\spring-beans-5.2.2.RELEASE.jar;D:\User\ybs\repository\org\springframework\amqp\spring-rabbit\2.2.2.RELEASE\spring-rabbit-2.2.2.RELEASE.jar;D:\User\ybs\repository\com\rabbitmq\amqp-client\5.7.3\amqp-client-5.7.3.jar;D:\User\ybs\repository\org\springframework\amqp\spring-amqp\2.2.2.RELEASE\spring-amqp-2.2.2.RELEASE.jar;D:\User\ybs\repository\org\springframework\retry\spring-retry\1.2.4.RELEASE\spring-retry-1.2.4.RELEASE.jar;D:\User\ybs\repository\org\springframework\spring-context\5.2.2.RELEASE\spring-context-5.2.2.RELEASE.jar;D:\User\ybs\repository\org\springframework\spring-tx\5.2.2.RELEASE\spring-tx-5.2.2.RELEASE.jar;D:\User\ybs\repository\org\springframework\boot\spring-boot-starter-web\2.2.2.RELEASE\spring-boot-starter-web-2.2.2.RELEASE.jar;D:\User\ybs\repository\org\springframework\boot\spring-boot-starter-json\2.2.2.RELEASE\spring-boot-starter-json-2.2.2.RELEASE.jar;D:\User\ybs\repository\com\fasterxml\jackson\core\jackson-databind\2.10.1\jackson-databind-2.10.1.jar;D:\User\ybs\repository\com\fasterxml\jackson\core\jackson-annotations\2.10.1\jackson-annotations-2.10.1.jar;D:\User\ybs\repository\com\fasterxml\jackson\core\jackson-core\2.10.1\jackson-core-2.10.1.jar;D:\User\ybs\repository\com\fasterxml\jackson\datatype\jackson-datatype-jdk8\2.10.1\jackson-datatype-jdk8-2.10.1.jar;D:\User\ybs\repository\com\fasterxml\jackson\datatype\jackson-datatype-jsr310\2.10.1\jackson-datatype-jsr310-2.10.1.jar;D:\User\ybs\repository\com\fasterxml\jackson\module\jackson-module-parameter-names\2.10.1\jackson-module-parameter-names-2.10.1.jar;D:\User\ybs\repository\org\springframework\boot\spring-boot-starter-tomcat\2.2.2.RELEASE\spring-boot-starter-tomcat-2.2.2.RELEASE.jar;D:\User\ybs\repository\org\apache\tomcat\embed\tomcat-embed-core\9.0.29\tomcat-embed-core-9.0.29.jar;D:\User\ybs\repository\org\apache\tomcat\embed\tomcat-embed-el\9.0.29\tomcat-embed-el-9.0.29.jar;D:\User\ybs\repository\org\apache\tomcat\embed\tomcat-embed-websocket\9.0.29\tomcat-embed-websocket-9.0.29.jar;D:\User\ybs\repository\org\springframework\boot\spring-boot-starter-validation\2.2.2.RELEASE\spring-boot-starter-validation-2.2.2.RELEASE.jar;D:\User\ybs\repository\jakarta\validation\jakarta.validation-api\2.0.1\jakarta.validation-api-2.0.1.jar;D:\User\ybs\repository\org\hibernate\validator\hibernate-validator\6.0.18.Final\hibernate-validator-6.0.18.Final.jar;D:\User\ybs\repository\org\jboss\logging\jboss-logging\3.4.1.Final\jboss-logging-3.4.1.Final.jar;D:\User\ybs\repository\com\fasterxml\classmate\1.5.1\classmate-1.5.1.jar;D:\User\ybs\repository\org\springframework\spring-web\5.2.2.RELEASE\spring-web-5.2.2.RELEASE.jar;D:\User\ybs\repository\org\springframework\spring-webmvc\5.2.2.RELEASE\spring-webmvc-5.2.2.RELEASE.jar;D:\User\ybs\repository\org\springframework\spring-aop\5.2.2.RELEASE\spring-aop-5.2.2.RELEASE.jar;D:\User\ybs\repository\org\springframework\spring-expression\5.2.2.RELEASE\spring-expression-5.2.2.RELEASE.jar;D:\User\ybs\repository\org\projectlombok\lombok\1.18.10\lombok-1.18.10.jar;D:\User\ybs\repository\org\springframework\boot\spring-boot-starter-test\2.2.2.RELEASE\spring-boot-starter-test-2.2.2.RELEASE.jar;D:\User\ybs\repository\org\springframework\boot\spring-boot-test\2.2.2.RELEASE\spring-boot-test-2.2.2.RELEASE.jar;D:\User\ybs\repository\org\springframework\boot\spring-boot-test-autoconfigure\2.2.2.RELEASE\spring-boot-test-autoconfigure-2.2.2.RELEASE.jar;D:\User\ybs\repository\com\jayway\jsonpath\json-path\2.4.0\json-path-2.4.0.jar;D:\User\ybs\repository\net\minidev\json-smart\2.3\json-smart-2.3.jar;D:\User\ybs\repository\net\minidev\accessors-smart\1.2\accessors-smart-1.2.jar;D:\User\ybs\repository\org\ow2\asm\asm\5.0.4\asm-5.0.4.jar;D:\User\ybs\repository\org\slf4j\slf4j-api\1.7.29\slf4j-api-1.7.29.jar;D:\User\ybs\repository\jakarta\xml\bind\jakarta.xml.bind-api\2.3.2\jakarta.xml.bind-api-2.3.2.jar;D:\User\ybs\repository\jakarta\activation\jakarta.activation-api\1.2.1\jakarta.activation-api-1.2.1.jar;D:\User\ybs\repository\org\junit\jupiter\junit-jupiter\5.5.2\junit-jupiter-5.5.2.jar;D:\User\ybs\repository\org\junit\jupiter\junit-jupiter-api\5.5.2\junit-jupiter-api-5.5.2.jar;D:\User\ybs\repository\org\opentest4j\opentest4j\1.2.0\opentest4j-1.2.0.jar;D:\User\ybs\repository\org\junit\platform\junit-platform-commons\1.5.2\junit-platform-commons-1.5.2.jar;D:\User\ybs\repository\org\junit\jupiter\junit-jupiter-params\5.5.2\junit-jupiter-params-5.5.2.jar;D:\User\ybs\repository\org\junit\jupiter\junit-jupiter-engine\5.5.2\junit-jupiter-engine-5.5.2.jar;D:\User\ybs\repository\org\junit\vintage\junit-vintage-engine\5.5.2\junit-vintage-engine-5.5.2.jar;D:\User\ybs\repository\org\apiguardian\apiguardian-api\1.1.0\apiguardian-api-1.1.0.jar;D:\User\ybs\repository\org\junit\platform\junit-platform-engine\1.5.2\junit-platform-engine-1.5.2.jar;D:\User\ybs\repository\junit\junit\4.12\junit-4.12.jar;D:\User\ybs\repository\org\mockito\mockito-junit-jupiter\3.1.0\mockito-junit-jupiter-3.1.0.jar;D:\User\ybs\repository\org\assertj\assertj-core\3.13.2\assertj-core-3.13.2.jar;D:\User\ybs\repository\org\hamcrest\hamcrest\2.1\hamcrest-2.1.jar;D:\User\ybs\repository\org\mockito\mockito-core\3.1.0\mockito-core-3.1.0.jar;D:\User\ybs\repository\net\bytebuddy\byte-buddy\1.10.4\byte-buddy-1.10.4.jar;D:\User\ybs\repository\net\bytebuddy\byte-buddy-agent\1.10.4\byte-buddy-agent-1.10.4.jar;D:\User\ybs\repository\org\objenesis\objenesis\2.6\objenesis-2.6.jar;D:\User\ybs\repository\org\skyscreamer\jsonassert\1.5.0\jsonassert-1.5.0.jar;D:\User\ybs\repository\com\vaadin\external\google\android-json\0.0.20131108.vaadin1\android-json-0.0.20131108.vaadin1.jar;D:\User\ybs\repository\org\springframework\spring-core\5.2.2.RELEASE\spring-core-5.2.2.RELEASE.jar;D:\User\ybs\repository\org\springframework\spring-jcl\5.2.2.RELEASE\spring-jcl-5.2.2.RELEASE.jar;D:\User\ybs\repository\org\springframework\spring-test\5.2.2.RELEASE\spring-test-5.2.2.RELEASE.jar;D:\User\ybs\repository\org\xmlunit\xmlunit-core\2.6.3\xmlunit-core-2.6.3.jar;"/>
    <property name="java.vm.vendor" value="Oracle Corporation"/>
    <property name="sun.arch.data.model" value="64"/>
    <property name="user.variant" value=""/>
    <property name="java.vendor.url" value="http://java.oracle.com/"/>
    <property name="user.timezone" value="Asia/Shanghai"/>
    <property name="java.vm.specification.version" value="1.8"/>
    <property name="os.name" value="Windows 10"/>
    <property name="user.country" value="CN"/>
    <property name="sun.java.launcher" value="SUN_STANDARD"/>
    <property name="sun.boot.library.path" value="C:\Program Files\Java\jdk1.8.0_191\jre\bin"/>
    <property name="sun.java.command" value="C:\Users\ybsde\AppData\Local\Temp\surefire8883019893799135620\surefirebooter7465016112306224857.jar C:\Users\ybsde\AppData\Local\Temp\surefire8883019893799135620 2020-01-04T17-24-30_191-jvmRun1 surefire7998185914059855056tmp surefire_17666467611369759717tmp"/>
    <property name="surefire.test.class.path" value="D:\Users\ybsde\IdeaProjects\tensquare_parent52\tensquare_rabbimqtest\target\test-classes;D:\Users\ybsde\IdeaProjects\tensquare_parent52\tensquare_rabbimqtest\target\classes;D:\User\ybs\repository\org\springframework\boot\spring-boot-starter-amqp\2.2.2.RELEASE\spring-boot-starter-amqp-2.2.2.RELEASE.jar;D:\User\ybs\repository\org\springframework\boot\spring-boot-starter\2.2.2.RELEASE\spring-boot-starter-2.2.2.RELEASE.jar;D:\User\ybs\repository\org\springframework\boot\spring-boot\2.2.2.RELEASE\spring-boot-2.2.2.RELEASE.jar;D:\User\ybs\repository\org\springframework\boot\spring-boot-autoconfigure\2.2.2.RELEASE\spring-boot-autoconfigure-2.2.2.RELEASE.jar;D:\User\ybs\repository\org\springframework\boot\spring-boot-starter-logging\2.2.2.RELEASE\spring-boot-starter-logging-2.2.2.RELEASE.jar;D:\User\ybs\repository\ch\qos\logback\logback-classic\1.2.3\logback-classic-1.2.3.jar;D:\User\ybs\repository\ch\qos\logback\logback-core\1.2.3\logback-core-1.2.3.jar;D:\User\ybs\repository\org\apache\logging\log4j\log4j-to-slf4j\2.12.1\log4j-to-slf4j-2.12.1.jar;D:\User\ybs\repository\org\apache\logging\log4j\log4j-api\2.12.1\log4j-api-2.12.1.jar;D:\User\ybs\repository\org\slf4j\jul-to-slf4j\1.7.29\jul-to-slf4j-1.7.29.jar;D:\User\ybs\repository\jakarta\annotation\jakarta.annotation-api\1.3.5\jakarta.annotation-api-1.3.5.jar;D:\User\ybs\repository\org\yaml\snakeyaml\1.25\snakeyaml-1.25.jar;D:\User\ybs\repository\org\springframework\spring-messaging\5.2.2.RELEASE\spring-messaging-5.2.2.RELEASE.jar;D:\User\ybs\repository\org\springframework\spring-beans\5.2.2.RELEASE\spring-beans-5.2.2.RELEASE.jar;D:\User\ybs\repository\org\springframework\amqp\spring-rabbit\2.2.2.RELEASE\spring-rabbit-2.2.2.RELEASE.jar;D:\User\ybs\repository\com\rabbitmq\amqp-client\5.7.3\amqp-client-5.7.3.jar;D:\User\ybs\repository\org\springframework\amqp\spring-amqp\2.2.2.RELEASE\spring-amqp-2.2.2.RELEASE.jar;D:\User\ybs\repository\org\springframework\retry\spring-retry\1.2.4.RELEASE\spring-retry-1.2.4.RELEASE.jar;D:\User\ybs\repository\org\springframework\spring-context\5.2.2.RELEASE\spring-context-5.2.2.RELEASE.jar;D:\User\ybs\repository\org\springframework\spring-tx\5.2.2.RELEASE\spring-tx-5.2.2.RELEASE.jar;D:\User\ybs\repository\org\springframework\boot\spring-boot-starter-web\2.2.2.RELEASE\spring-boot-starter-web-2.2.2.RELEASE.jar;D:\User\ybs\repository\org\springframework\boot\spring-boot-starter-json\2.2.2.RELEASE\spring-boot-starter-json-2.2.2.RELEASE.jar;D:\User\ybs\repository\com\fasterxml\jackson\core\jackson-databind\2.10.1\jackson-databind-2.10.1.jar;D:\User\ybs\repository\com\fasterxml\jackson\core\jackson-annotations\2.10.1\jackson-annotations-2.10.1.jar;D:\User\ybs\repository\com\fasterxml\jackson\core\jackson-core\2.10.1\jackson-core-2.10.1.jar;D:\User\ybs\repository\com\fasterxml\jackson\datatype\jackson-datatype-jdk8\2.10.1\jackson-datatype-jdk8-2.10.1.jar;D:\User\ybs\repository\com\fasterxml\jackson\datatype\jackson-datatype-jsr310\2.10.1\jackson-datatype-jsr310-2.10.1.jar;D:\User\ybs\repository\com\fasterxml\jackson\module\jackson-module-parameter-names\2.10.1\jackson-module-parameter-names-2.10.1.jar;D:\User\ybs\repository\org\springframework\boot\spring-boot-starter-tomcat\2.2.2.RELEASE\spring-boot-starter-tomcat-2.2.2.RELEASE.jar;D:\User\ybs\repository\org\apache\tomcat\embed\tomcat-embed-core\9.0.29\tomcat-embed-core-9.0.29.jar;D:\User\ybs\repository\org\apache\tomcat\embed\tomcat-embed-el\9.0.29\tomcat-embed-el-9.0.29.jar;D:\User\ybs\repository\org\apache\tomcat\embed\tomcat-embed-websocket\9.0.29\tomcat-embed-websocket-9.0.29.jar;D:\User\ybs\repository\org\springframework\boot\spring-boot-starter-validation\2.2.2.RELEASE\spring-boot-starter-validation-2.2.2.RELEASE.jar;D:\User\ybs\repository\jakarta\validation\jakarta.validation-api\2.0.1\jakarta.validation-api-2.0.1.jar;D:\User\ybs\repository\org\hibernate\validator\hibernate-validator\6.0.18.Final\hibernate-validator-6.0.18.Final.jar;D:\User\ybs\repository\org\jboss\logging\jboss-logging\3.4.1.Final\jboss-logging-3.4.1.Final.jar;D:\User\ybs\repository\com\fasterxml\classmate\1.5.1\classmate-1.5.1.jar;D:\User\ybs\repository\org\springframework\spring-web\5.2.2.RELEASE\spring-web-5.2.2.RELEASE.jar;D:\User\ybs\repository\org\springframework\spring-webmvc\5.2.2.RELEASE\spring-webmvc-5.2.2.RELEASE.jar;D:\User\ybs\repository\org\springframework\spring-aop\5.2.2.RELEASE\spring-aop-5.2.2.RELEASE.jar;D:\User\ybs\repository\org\springframework\spring-expression\5.2.2.RELEASE\spring-expression-5.2.2.RELEASE.jar;D:\User\ybs\repository\org\projectlombok\lombok\1.18.10\lombok-1.18.10.jar;D:\User\ybs\repository\org\springframework\boot\spring-boot-starter-test\2.2.2.RELEASE\spring-boot-starter-test-2.2.2.RELEASE.jar;D:\User\ybs\repository\org\springframework\boot\spring-boot-test\2.2.2.RELEASE\spring-boot-test-2.2.2.RELEASE.jar;D:\User\ybs\repository\org\springframework\boot\spring-boot-test-autoconfigure\2.2.2.RELEASE\spring-boot-test-autoconfigure-2.2.2.RELEASE.jar;D:\User\ybs\repository\com\jayway\jsonpath\json-path\2.4.0\json-path-2.4.0.jar;D:\User\ybs\repository\net\minidev\json-smart\2.3\json-smart-2.3.jar;D:\User\ybs\repository\net\minidev\accessors-smart\1.2\accessors-smart-1.2.jar;D:\User\ybs\repository\org\ow2\asm\asm\5.0.4\asm-5.0.4.jar;D:\User\ybs\repository\org\slf4j\slf4j-api\1.7.29\slf4j-api-1.7.29.jar;D:\User\ybs\repository\jakarta\xml\bind\jakarta.xml.bind-api\2.3.2\jakarta.xml.bind-api-2.3.2.jar;D:\User\ybs\repository\jakarta\activation\jakarta.activation-api\1.2.1\jakarta.activation-api-1.2.1.jar;D:\User\ybs\repository\org\junit\jupiter\junit-jupiter\5.5.2\junit-jupiter-5.5.2.jar;D:\User\ybs\repository\org\junit\jupiter\junit-jupiter-api\5.5.2\junit-jupiter-api-5.5.2.jar;D:\User\ybs\repository\org\opentest4j\opentest4j\1.2.0\opentest4j-1.2.0.jar;D:\User\ybs\repository\org\junit\platform\junit-platform-commons\1.5.2\junit-platform-commons-1.5.2.jar;D:\User\ybs\repository\org\junit\jupiter\junit-jupiter-params\5.5.2\junit-jupiter-params-5.5.2.jar;D:\User\ybs\repository\org\junit\jupiter\junit-jupiter-engine\5.5.2\junit-jupiter-engine-5.5.2.jar;D:\User\ybs\repository\org\junit\vintage\junit-vintage-engine\5.5.2\junit-vintage-engine-5.5.2.jar;D:\User\ybs\repository\org\apiguardian\apiguardian-api\1.1.0\apiguardian-api-1.1.0.jar;D:\User\ybs\repository\org\junit\platform\junit-platform-engine\1.5.2\junit-platform-engine-1.5.2.jar;D:\User\ybs\repository\junit\junit\4.12\junit-4.12.jar;D:\User\ybs\repository\org\mockito\mockito-junit-jupiter\3.1.0\mockito-junit-jupiter-3.1.0.jar;D:\User\ybs\repository\org\assertj\assertj-core\3.13.2\assertj-core-3.13.2.jar;D:\User\ybs\repository\org\hamcrest\hamcrest\2.1\hamcrest-2.1.jar;D:\User\ybs\repository\org\mockito\mockito-core\3.1.0\mockito-core-3.1.0.jar;D:\User\ybs\repository\net\bytebuddy\byte-buddy\1.10.4\byte-buddy-1.10.4.jar;D:\User\ybs\repository\net\bytebuddy\byte-buddy-agent\1.10.4\byte-buddy-agent-1.10.4.jar;D:\User\ybs\repository\org\objenesis\objenesis\2.6\objenesis-2.6.jar;D:\User\ybs\repository\org\skyscreamer\jsonassert\1.5.0\jsonassert-1.5.0.jar;D:\User\ybs\repository\com\vaadin\external\google\android-json\0.0.20131108.vaadin1\android-json-0.0.20131108.vaadin1.jar;D:\User\ybs\repository\org\springframework\spring-core\5.2.2.RELEASE\spring-core-5.2.2.RELEASE.jar;D:\User\ybs\repository\org\springframework\spring-jcl\5.2.2.RELEASE\spring-jcl-5.2.2.RELEASE.jar;D:\User\ybs\repository\org\springframework\spring-test\5.2.2.RELEASE\spring-test-5.2.2.RELEASE.jar;D:\User\ybs\repository\org\xmlunit\xmlunit-core\2.6.3\xmlunit-core-2.6.3.jar;"/>
    <property name="sun.cpu.endian" value="little"/>
    <property name="user.home" value="C:\Users\ybsde"/>
    <property name="user.language" value="zh"/>
    <property name="java.specification.vendor" value="Oracle Corporation"/>
    <property name="java.home" value="C:\Program Files\Java\jdk1.8.0_191\jre"/>
    <property name="basedir" value="D:\Users\ybsde\IdeaProjects\tensquare_parent52\tensquare_rabbimqtest"/>
    <property name="file.separator" value="\"/>
    <property name="line.separator" value="&#10;"/>
    <property name="java.vm.specification.vendor" value="Oracle Corporation"/>
    <property name="java.specification.name" value="Java Platform API Specification"/>
    <property name="java.awt.graphicsenv" value="sun.awt.Win32GraphicsEnvironment"/>
    <property name="surefire.real.class.path" value="C:\Users\ybsde\AppData\Local\Temp\surefire8883019893799135620\surefirebooter7465016112306224857.jar"/>
    <property name="sun.boot.class.path" value="C:\Program Files\Java\jdk1.8.0_191\jre\lib\resources.jar;C:\Program Files\Java\jdk1.8.0_191\jre\lib\rt.jar;C:\Program Files\Java\jdk1.8.0_191\jre\lib\sunrsasign.jar;C:\Program Files\Java\jdk1.8.0_191\jre\lib\jsse.jar;C:\Program Files\Java\jdk1.8.0_191\jre\lib\jce.jar;C:\Program Files\Java\jdk1.8.0_191\jre\lib\charsets.jar;C:\Program Files\Java\jdk1.8.0_191\jre\lib\jfr.jar;C:\Program Files\Java\jdk1.8.0_191\jre\classes"/>
    <property name="user.script" value=""/>
    <property name="sun.management.compiler" value="HotSpot 64-Bit Tiered Compilers"/>
    <property name="java.runtime.version" value="1.8.0_191-b12"/>
    <property name="user.name" value="ybsde"/>
    <property name="path.separator" value=";"/>
    <property name="os.version" value="10.0"/>
    <property name="java.endorsed.dirs" value="C:\Program Files\Java\jdk1.8.0_191\jre\lib\endorsed"/>
    <property name="java.runtime.name" value="Java(TM) SE Runtime Environment"/>
    <property name="file.encoding" value="GBK"/>
    <property name="java.vm.name" value="Java HotSpot(TM) 64-Bit Server VM"/>
    <property name="localRepository" value="D:\User\ybs\repository"/>
    <property name="java.vendor.url.bug" value="http://bugreport.sun.com/bugreport/"/>
    <property name="java.io.tmpdir" value="C:\Users\ybsde\AppData\Local\Temp\"/>
    <property name="java.version" value="1.8.0_191"/>
    <property name="user.dir" value="D:\Users\ybsde\IdeaProjects\tensquare_parent52\tensquare_rabbimqtest"/>
    <property name="os.arch" value="amd64"/>
    <property name="java.vm.specification.name" value="Java Virtual Machine Specification"/>
    <property name="java.awt.printerjob" value="sun.awt.windows.WPrinterJob"/>
    <property name="idea.version2019.3.1" value="true"/>
    <property name="sun.os.patch.level" value=""/>
    <property name="java.library.path" value="C:\Program Files\Java\jdk1.8.0_191\jre\bin;C:\WINDOWS\Sun\Java\bin;C:\WINDOWS\system32;C:\WINDOWS;C:\Program Files\NVIDIA GPU Computing Toolkit\CUDA\v10.0\bin;C:\Program Files\NVIDIA GPU Computing Toolkit\CUDA\v10.0\libnvvp;C:\Program Files (x86)\NetSarang\Xftp 6\;C:\Program Files (x86)\NetSarang\Xshell 6\;C:\Program Files (x86)\Common Files\Oracle\Java\javapath;C:\Program Files\Java\jdk1.8.0_191\bin;C:\database\mysql-8.0.16-winx64\bin;C:\WINDOWS\system32;C:\WINDOWS;C:\WINDOWS\System32\Wbem;C:\WINDOWS\System32\WindowsPowerShell\v1.0\;C:\WINDOWS\System32\OpenSSH\;C:\cmder_mini;C:\Program Files\Git\cmd;C:\devlop\apache-jmeter-5.2\bin;;C:\Program Files (x86)\NVIDIA Corporation\PhysX\Common;C:\Program Files\NVIDIA Corporation\NVIDIA NvDLISR;C:\Users\ybsde\AppData\Local\Programs\Python\Python37\Scripts\;C:\Users\ybsde\AppData\Local\Programs\Python\Python37\;C:\Users\ybsde\AppData\Local\Microsoft\WindowsApps;;C:\Program Files\JetBrains\IntelliJ IDEA 2019.2.2\bin;;C:\Program Files\JetBrains\PyCharm 2019.2.5\bin;;C:\Program Files\JetBrains\WebStorm 2019.3\bin;;."/>
    <property name="java.vm.info" value="mixed mode"/>
    <property name="java.vendor" value="Oracle Corporation"/>
    <property name="java.vm.version" value="25.191-b12"/>
    <property name="java.ext.dirs" value="C:\Program Files\Java\jdk1.8.0_191\jre\lib\ext;C:\WINDOWS\Sun\Java\lib\ext"/>
    <property name="sun.io.unicode.encoding" value="UnicodeLittle"/>
    <property name="java.class.version" value="52.0"/>
  </properties>
  <testcase name="sendMsg1" classname="com.tensquare.test.ProductTest" time="4.018">
    <error message="java.net.ConnectException: Connection refused: connect" type="org.springframework.amqp.AmqpConnectException">org.springframework.amqp.AmqpConnectException: java.net.ConnectException: Connection refused: connect
	at com.tensquare.test.ProductTest.sendMsg1(ProductTest.java:27)
Caused by: java.net.ConnectException: Connection refused: connect
	at com.tensquare.test.ProductTest.sendMsg1(ProductTest.java:27)
</error>
    <system-out><![CDATA[17:24:34.667 [main] DEBUG org.springframework.test.context.junit4.SpringJUnit4ClassRunner - SpringJUnit4ClassRunner constructor called with [class com.tensquare.test.ProductTest]
17:24:34.670 [main] DEBUG org.springframework.test.context.BootstrapUtils - Instantiating CacheAwareContextLoaderDelegate from class [org.springframework.test.context.cache.DefaultCacheAwareContextLoaderDelegate]
17:24:34.677 [main] DEBUG org.springframework.test.context.BootstrapUtils - Instantiating BootstrapContext using constructor [public org.springframework.test.context.support.DefaultBootstrapContext(java.lang.Class,org.springframework.test.context.CacheAwareContextLoaderDelegate)]
17:24:34.701 [main] DEBUG org.springframework.test.context.BootstrapUtils - Instantiating TestContextBootstrapper for test class [com.tensquare.test.ProductTest] from class [org.springframework.boot.test.context.SpringBootTestContextBootstrapper]
17:24:34.714 [main] INFO org.springframework.boot.test.context.SpringBootTestContextBootstrapper - Neither @ContextConfiguration nor @ContextHierarchy found for test class [com.tensquare.test.ProductTest], using SpringBootContextLoader
17:24:34.719 [main] DEBUG org.springframework.test.context.support.AbstractContextLoader - Did not detect default resource location for test class [com.tensquare.test.ProductTest]: class path resource [com/tensquare/test/ProductTest-context.xml] does not exist
17:24:34.719 [main] DEBUG org.springframework.test.context.support.AbstractContextLoader - Did not detect default resource location for test class [com.tensquare.test.ProductTest]: class path resource [com/tensquare/test/ProductTestContext.groovy] does not exist
17:24:34.719 [main] INFO org.springframework.test.context.support.AbstractContextLoader - Could not detect default resource locations for test class [com.tensquare.test.ProductTest]: no resource found for suffixes {-context.xml, Context.groovy}.
17:24:34.748 [main] DEBUG org.springframework.test.context.support.ActiveProfilesUtils - Could not find an 'annotation declaring class' for annotation type [org.springframework.test.context.ActiveProfiles] and class [com.tensquare.test.ProductTest]
17:24:34.839 [main] DEBUG org.springframework.boot.test.context.SpringBootTestContextBootstrapper - @TestExecutionListeners is not present for class [com.tensquare.test.ProductTest]: using defaults.
17:24:34.840 [main] INFO org.springframework.boot.test.context.SpringBootTestContextBootstrapper - Loaded default TestExecutionListener class names from location [META-INF/spring.factories]: [org.springframework.boot.test.mock.mockito.MockitoTestExecutionListener, org.springframework.boot.test.mock.mockito.ResetMocksTestExecutionListener, org.springframework.boot.test.autoconfigure.restdocs.RestDocsTestExecutionListener, org.springframework.boot.test.autoconfigure.web.client.MockRestServiceServerResetTestExecutionListener, org.springframework.boot.test.autoconfigure.web.servlet.MockMvcPrintOnlyOnFailureTestExecutionListener, org.springframework.boot.test.autoconfigure.web.servlet.WebDriverTestExecutionListener, org.springframework.test.context.web.ServletTestExecutionListener, org.springframework.test.context.support.DirtiesContextBeforeModesTestExecutionListener, org.springframework.test.context.support.DependencyInjectionTestExecutionListener, org.springframework.test.context.support.DirtiesContextTestExecutionListener, org.springframework.test.context.transaction.TransactionalTestExecutionListener, org.springframework.test.context.jdbc.SqlScriptsTestExecutionListener, org.springframework.test.context.event.EventPublishingTestExecutionListener]
17:24:34.854 [main] INFO org.springframework.boot.test.context.SpringBootTestContextBootstrapper - Using TestExecutionListeners: [org.springframework.test.context.web.ServletTestExecutionListener@2898ac89, org.springframework.test.context.support.DirtiesContextBeforeModesTestExecutionListener@683dbc2c, org.springframework.boot.test.mock.mockito.MockitoTestExecutionListener@68267da0, org.springframework.boot.test.autoconfigure.SpringBootDependencyInjectionTestExecutionListener@2638011, org.springframework.test.context.support.DirtiesContextTestExecutionListener@6ff29830, org.springframework.test.context.transaction.TransactionalTestExecutionListener@6a2b953e, org.springframework.test.context.jdbc.SqlScriptsTestExecutionListener@313b2ea6, org.springframework.test.context.event.EventPublishingTestExecutionListener@2f465398, org.springframework.boot.test.mock.mockito.ResetMocksTestExecutionListener@548e6d58, org.springframework.boot.test.autoconfigure.restdocs.RestDocsTestExecutionListener@623a8092, org.springframework.boot.test.autoconfigure.web.client.MockRestServiceServerResetTestExecutionListener@a1cdc6d, org.springframework.boot.test.autoconfigure.web.servlet.MockMvcPrintOnlyOnFailureTestExecutionListener@175b9425, org.springframework.boot.test.autoconfigure.web.servlet.WebDriverTestExecutionListener@3098cf3b]
17:24:34.858 [main] DEBUG org.springframework.test.annotation.ProfileValueUtils - Retrieved @ProfileValueSourceConfiguration [null] for test class [com.tensquare.test.ProductTest]
17:24:34.860 [main] DEBUG org.springframework.test.annotation.ProfileValueUtils - Retrieved ProfileValueSource type [class org.springframework.test.annotation.SystemProfileValueSource] for class [com.tensquare.test.ProductTest]
17:24:34.879 [main] DEBUG org.springframework.test.context.junit4.SpringJUnit4ClassRunner - SpringJUnit4ClassRunner constructor called with [class com.tensquare.test.ProductTest]
17:24:34.880 [main] DEBUG org.springframework.test.context.BootstrapUtils - Instantiating CacheAwareContextLoaderDelegate from class [org.springframework.test.context.cache.DefaultCacheAwareContextLoaderDelegate]
17:24:34.880 [main] DEBUG org.springframework.test.context.BootstrapUtils - Instantiating BootstrapContext using constructor [public org.springframework.test.context.support.DefaultBootstrapContext(java.lang.Class,org.springframework.test.context.CacheAwareContextLoaderDelegate)]
17:24:34.880 [main] DEBUG org.springframework.test.context.BootstrapUtils - Instantiating TestContextBootstrapper for test class [com.tensquare.test.ProductTest] from class [org.springframework.boot.test.context.SpringBootTestContextBootstrapper]
17:24:34.880 [main] INFO org.springframework.boot.test.context.SpringBootTestContextBootstrapper - Neither @ContextConfiguration nor @ContextHierarchy found for test class [com.tensquare.test.ProductTest], using SpringBootContextLoader
17:24:34.881 [main] DEBUG org.springframework.test.context.support.AbstractContextLoader - Did not detect default resource location for test class [com.tensquare.test.ProductTest]: class path resource [com/tensquare/test/ProductTest-context.xml] does not exist
17:24:34.881 [main] DEBUG org.springframework.test.context.support.AbstractContextLoader - Did not detect default resource location for test class [com.tensquare.test.ProductTest]: class path resource [com/tensquare/test/ProductTestContext.groovy] does not exist
17:24:34.881 [main] INFO org.springframework.test.context.support.AbstractContextLoader - Could not detect default resource locations for test class [com.tensquare.test.ProductTest]: no resource found for suffixes {-context.xml, Context.groovy}.
17:24:34.883 [main] DEBUG org.springframework.test.context.support.ActiveProfilesUtils - Could not find an 'annotation declaring class' for annotation type [org.springframework.test.context.ActiveProfiles] and class [com.tensquare.test.ProductTest]
17:24:34.884 [main] DEBUG org.springframework.boot.test.context.SpringBootTestContextBootstrapper - @TestExecutionListeners is not present for class [com.tensquare.test.ProductTest]: using defaults.
17:24:34.885 [main] INFO org.springframework.boot.test.context.SpringBootTestContextBootstrapper - Loaded default TestExecutionListener class names from location [META-INF/spring.factories]: [org.springframework.boot.test.mock.mockito.MockitoTestExecutionListener, org.springframework.boot.test.mock.mockito.ResetMocksTestExecutionListener, org.springframework.boot.test.autoconfigure.restdocs.RestDocsTestExecutionListener, org.springframework.boot.test.autoconfigure.web.client.MockRestServiceServerResetTestExecutionListener, org.springframework.boot.test.autoconfigure.web.servlet.MockMvcPrintOnlyOnFailureTestExecutionListener, org.springframework.boot.test.autoconfigure.web.servlet.WebDriverTestExecutionListener, org.springframework.test.context.web.ServletTestExecutionListener, org.springframework.test.context.support.DirtiesContextBeforeModesTestExecutionListener, org.springframework.test.context.support.DependencyInjectionTestExecutionListener, org.springframework.test.context.support.DirtiesContextTestExecutionListener, org.springframework.test.context.transaction.TransactionalTestExecutionListener, org.springframework.test.context.jdbc.SqlScriptsTestExecutionListener, org.springframework.test.context.event.EventPublishingTestExecutionListener]
17:24:34.885 [main] INFO org.springframework.boot.test.context.SpringBootTestContextBootstrapper - Using TestExecutionListeners: [org.springframework.test.context.web.ServletTestExecutionListener@62230c58, org.springframework.test.context.support.DirtiesContextBeforeModesTestExecutionListener@2cd2a21f, org.springframework.boot.test.mock.mockito.MockitoTestExecutionListener@2e55dd0c, org.springframework.boot.test.autoconfigure.SpringBootDependencyInjectionTestExecutionListener@74455848, org.springframework.test.context.support.DirtiesContextTestExecutionListener@e7edb54, org.springframework.test.context.transaction.TransactionalTestExecutionListener@378542de, org.springframework.test.context.jdbc.SqlScriptsTestExecutionListener@3738449f, org.springframework.test.context.event.EventPublishingTestExecutionListener@69e1dd28, org.springframework.boot.test.mock.mockito.ResetMocksTestExecutionListener@11bd0f3b, org.springframework.boot.test.autoconfigure.restdocs.RestDocsTestExecutionListener@c333c60, org.springframework.boot.test.autoconfigure.web.client.MockRestServiceServerResetTestExecutionListener@79da8dc5, org.springframework.boot.test.autoconfigure.web.servlet.MockMvcPrintOnlyOnFailureTestExecutionListener@1eb5174b, org.springframework.boot.test.autoconfigure.web.servlet.WebDriverTestExecutionListener@67080771]
17:24:34.885 [main] DEBUG org.springframework.test.annotation.ProfileValueUtils - Retrieved @ProfileValueSourceConfiguration [null] for test class [com.tensquare.test.ProductTest]
17:24:34.885 [main] DEBUG org.springframework.test.annotation.ProfileValueUtils - Retrieved ProfileValueSource type [class org.springframework.test.annotation.SystemProfileValueSource] for class [com.tensquare.test.ProductTest]
17:24:34.937 [main] DEBUG org.springframework.test.annotation.ProfileValueUtils - Retrieved @ProfileValueSourceConfiguration [null] for test class [com.tensquare.test.ProductTest]
17:24:34.938 [main] DEBUG org.springframework.test.annotation.ProfileValueUtils - Retrieved ProfileValueSource type [class org.springframework.test.annotation.SystemProfileValueSource] for class [com.tensquare.test.ProductTest]
17:24:34.940 [main] DEBUG org.springframework.test.annotation.ProfileValueUtils - Retrieved @ProfileValueSourceConfiguration [null] for test class [com.tensquare.test.ProductTest]
17:24:34.940 [main] DEBUG org.springframework.test.annotation.ProfileValueUtils - Retrieved ProfileValueSource type [class org.springframework.test.annotation.SystemProfileValueSource] for class [com.tensquare.test.ProductTest]
17:24:34.940 [main] DEBUG org.springframework.test.annotation.ProfileValueUtils - Retrieved @ProfileValueSourceConfiguration [null] for test class [com.tensquare.test.ProductTest]
17:24:34.941 [main] DEBUG org.springframework.test.annotation.ProfileValueUtils - Retrieved ProfileValueSource type [class org.springframework.test.annotation.SystemProfileValueSource] for class [com.tensquare.test.ProductTest]
17:24:34.943 [main] DEBUG org.springframework.test.context.support.AbstractDirtiesContextTestExecutionListener - Before test class: context [DefaultTestContext@70e9c95d testClass = ProductTest, testInstance = [null], testMethod = [null], testException = [null], mergedContextConfiguration = [WebMergedContextConfiguration@4d5650ae testClass = ProductTest, locations = '{}', classes = '{class com.tensquare.rabbit.RabbitApplication, class com.tensquare.rabbit.RabbitApplication}', contextInitializerClasses = '[]', activeProfiles = '{}', propertySourceLocations = '{}', propertySourceProperties = '{org.springframework.boot.test.context.SpringBootTestContextBootstrapper=true}', contextCustomizers = set[org.springframework.boot.test.context.filter.ExcludeFilterContextCustomizer@55a561cf, org.springframework.boot.test.json.DuplicateJsonObjectContextCustomizerFactory$DuplicateJsonObjectContextCustomizer@78b1cc93, org.springframework.boot.test.mock.mockito.MockitoContextCustomizer@0, org.springframework.boot.test.web.client.TestRestTemplateContextCustomizer@fdefd3f, org.springframework.boot.test.autoconfigure.properties.PropertyMappingContextCustomizer@0, org.springframework.boot.test.autoconfigure.web.servlet.WebDriverContextCustomizerFactory$Customizer@13c10b87], resourceBasePath = 'src/main/webapp', contextLoader = 'org.springframework.boot.test.context.SpringBootContextLoader', parent = [null]], attributes = map['org.springframework.test.context.web.ServletTestExecutionListener.activateListener' -> true]], class annotated with @DirtiesContext [false] with mode [null].
17:24:34.945 [main] DEBUG org.springframework.test.annotation.ProfileValueUtils - Retrieved @ProfileValueSourceConfiguration [null] for test class [com.tensquare.test.ProductTest]
17:24:34.945 [main] DEBUG org.springframework.test.annotation.ProfileValueUtils - Retrieved ProfileValueSource type [class org.springframework.test.annotation.SystemProfileValueSource] for class [com.tensquare.test.ProductTest]
17:24:34.962 [main] DEBUG org.springframework.test.context.support.TestPropertySourceUtils - Adding inlined properties to environment: {spring.jmx.enabled=false, org.springframework.boot.test.context.SpringBootTestContextBootstrapper=true, server.port=-1}

  .   ____          _            __ _ _
 /\\ / ___'_ __ _ _(_)_ __  __ _ \ \ \ \
( ( )\___ | '_ | '_| | '_ \/ _` | \ \ \ \
 \\/  ___)| |_)| | | | | || (_| |  ) ) ) )
  '  |____| .__|_| |_|_| |_\__, | / / / /
 =========|_|==============|___/=/_/_/_/
 :: Spring Boot ::        (v2.2.2.RELEASE)

2020-01-04 17:24:35.189  INFO 9836 --- [           main] com.tensquare.test.ProductTest           : Starting ProductTest on DESKTOP-5F74V32 with PID 9836 (started by ybsde in D:\Users\ybsde\IdeaProjects\tensquare_parent52\tensquare_rabbimqtest)
2020-01-04 17:24:35.190  INFO 9836 --- [           main] com.tensquare.test.ProductTest           : No active profile set, falling back to default profiles: default
2020-01-04 17:24:36.213  INFO 9836 --- [           main] o.s.s.concurrent.ThreadPoolTaskExecutor  : Initializing ExecutorService 'applicationTaskExecutor'
2020-01-04 17:24:36.810  INFO 9836 --- [           main] o.s.a.r.c.CachingConnectionFactory       : Attempting to connect to: [192.168.2.130:5672]
2020-01-04 17:24:38.819  INFO 9836 --- [           main] o.s.a.r.l.SimpleMessageListenerContainer : Broker not available; cannot force queue declarations during start: java.net.ConnectException: Connection refused: connect
2020-01-04 17:24:38.826  INFO 9836 --- [ntContainer#0-1] o.s.a.r.c.CachingConnectionFactory       : Attempting to connect to: [192.168.2.130:5672]
2020-01-04 17:24:40.843  INFO 9836 --- [           main] o.s.a.r.c.CachingConnectionFactory       : Attempting to connect to: [192.168.2.130:5672]
2020-01-04 17:24:42.860  INFO 9836 --- [           main] o.s.a.r.l.SimpleMessageListenerContainer : Broker not available; cannot force queue declarations during start: java.net.ConnectException: Connection refused: connect
2020-01-04 17:24:42.860  INFO 9836 --- [ntContainer#1-1] o.s.a.r.c.CachingConnectionFactory       : Attempting to connect to: [192.168.2.130:5672]
2020-01-04 17:24:44.875  INFO 9836 --- [           main] o.s.a.r.c.CachingConnectionFactory       : Attempting to connect to: [192.168.2.130:5672]
2020-01-04 17:24:45.854  WARN 9836 --- [ntContainer#0-1] o.s.a.r.l.SimpleMessageListenerContainer : Consumer raised exception, processing can restart if the connection factory supports it. Exception summary: org.springframework.amqp.AmqpConnectException: java.net.ConnectException: Connection refused: connect
2020-01-04 17:24:45.855  INFO 9836 --- [ntContainer#0-1] o.s.a.r.l.SimpleMessageListenerContainer : Restarting Consumer@16872c4d: tags=[[]], channel=null, acknowledgeMode=AUTO local queue size=0
2020-01-04 17:24:46.880  INFO 9836 --- [           main] o.s.a.r.l.SimpleMessageListenerContainer : Broker not available; cannot force queue declarations during start: java.net.ConnectException: Connection refused: connect
2020-01-04 17:24:46.880  INFO 9836 --- [ntContainer#0-2] o.s.a.r.c.CachingConnectionFactory       : Attempting to connect to: [192.168.2.130:5672]
2020-01-04 17:24:48.896  INFO 9836 --- [ntContainer#2-1] o.s.a.r.c.CachingConnectionFactory       : Attempting to connect to: [192.168.2.130:5672]
2020-01-04 17:24:49.886  WARN 9836 --- [ntContainer#1-1] o.s.a.r.l.SimpleMessageListenerContainer : Consumer raised exception, processing can restart if the connection factory supports it. Exception summary: org.springframework.amqp.AmqpConnectException: java.net.ConnectException: Connection refused: connect
2020-01-04 17:24:49.886  INFO 9836 --- [ntContainer#1-1] o.s.a.r.l.SimpleMessageListenerContainer : Restarting Consumer@472698d: tags=[[]], channel=null, acknowledgeMode=AUTO local queue size=0
2020-01-04 17:24:50.901  INFO 9836 --- [ntContainer#1-2] o.s.a.r.c.CachingConnectionFactory       : Attempting to connect to: [192.168.2.130:5672]
2020-01-04 17:24:50.910  INFO 9836 --- [           main] com.tensquare.test.ProductTest           : Started ProductTest in 15.94 seconds (JVM running for 16.687)
2020-01-04 17:24:52.923  INFO 9836 --- [           main] o.s.a.r.c.CachingConnectionFactory       : Attempting to connect to: [192.168.2.130:5672]
2020-01-04 17:24:53.907  WARN 9836 --- [ntContainer#0-2] o.s.a.r.l.SimpleMessageListenerContainer : Consumer raised exception, processing can restart if the connection factory supports it. Exception summary: org.springframework.amqp.AmqpConnectException: java.net.ConnectException: Connection refused: connect
2020-01-04 17:24:53.907  INFO 9836 --- [ntContainer#0-2] o.s.a.r.l.SimpleMessageListenerContainer : Restarting Consumer@5cd917e: tags=[[]], channel=null, acknowledgeMode=AUTO local queue size=0
2020-01-04 17:24:54.937  INFO 9836 --- [ntContainer#0-3] o.s.a.r.c.CachingConnectionFactory       : Attempting to connect to: [192.168.2.130:5672]
]]></system-out>
  </testcase>
  <testcase name="sendMsg2" classname="com.tensquare.test.ProductTest" time="6.035">
    <error message="java.net.ConnectException: Connection refused: connect" type="org.springframework.amqp.AmqpConnectException">org.springframework.amqp.AmqpConnectException: java.net.ConnectException: Connection refused: connect
	at com.tensquare.test.ProductTest.sendMsg2(ProductTest.java:35)
Caused by: java.net.ConnectException: Connection refused: connect
	at com.tensquare.test.ProductTest.sendMsg2(ProductTest.java:35)
</error>
    <system-out><![CDATA[2020-01-04 17:24:55.913  WARN 9836 --- [ntContainer#2-1] o.s.a.r.l.SimpleMessageListenerContainer : Consumer raised exception, processing can restart if the connection factory supports it. Exception summary: org.springframework.amqp.AmqpConnectException: java.net.ConnectException: Connection refused: connect
2020-01-04 17:24:55.913  INFO 9836 --- [ntContainer#2-1] o.s.a.r.l.SimpleMessageListenerContainer : Restarting Consumer@40712ee9: tags=[[]], channel=null, acknowledgeMode=AUTO local queue size=0
2020-01-04 17:24:56.952  INFO 9836 --- [ntContainer#2-2] o.s.a.r.c.CachingConnectionFactory       : Attempting to connect to: [192.168.2.130:5672]
2020-01-04 17:24:57.937  WARN 9836 --- [ntContainer#1-2] o.s.a.r.l.SimpleMessageListenerContainer : Consumer raised exception, processing can restart if the connection factory supports it. Exception summary: org.springframework.amqp.AmqpConnectException: java.net.ConnectException: Connection refused: connect
2020-01-04 17:24:57.937  INFO 9836 --- [ntContainer#1-2] o.s.a.r.l.SimpleMessageListenerContainer : Restarting Consumer@79b31bc4: tags=[[]], channel=null, acknowledgeMode=AUTO local queue size=0
2020-01-04 17:24:58.968  INFO 9836 --- [           main] o.s.a.r.c.CachingConnectionFactory       : Attempting to connect to: [192.168.2.130:5672]
2020-01-04 17:25:00.981  INFO 9836 --- [ntContainer#1-3] o.s.a.r.c.CachingConnectionFactory       : Attempting to connect to: [192.168.2.130:5672]
]]></system-out>
  </testcase>
  <testcase name="sendMsg3" classname="com.tensquare.test.ProductTest" time="6.038">
    <error message="java.net.ConnectException: Connection refused: connect" type="org.springframework.amqp.AmqpConnectException">org.springframework.amqp.AmqpConnectException: java.net.ConnectException: Connection refused: connect
	at com.tensquare.test.ProductTest.sendMsg3(ProductTest.java:43)
Caused by: java.net.ConnectException: Connection refused: connect
	at com.tensquare.test.ProductTest.sendMsg3(ProductTest.java:43)
</error>
    <system-out><![CDATA[2020-01-04 17:25:01.964  WARN 9836 --- [ntContainer#0-3] o.s.a.r.l.SimpleMessageListenerContainer : Consumer raised exception, processing can restart if the connection factory supports it. Exception summary: org.springframework.amqp.AmqpConnectException: java.net.ConnectException: Connection refused: connect
2020-01-04 17:25:01.964  INFO 9836 --- [ntContainer#0-3] o.s.a.r.l.SimpleMessageListenerContainer : Restarting Consumer@5dad118e: tags=[[]], channel=null, acknowledgeMode=AUTO local queue size=0
2020-01-04 17:25:02.988  INFO 9836 --- [ntContainer#0-4] o.s.a.r.c.CachingConnectionFactory       : Attempting to connect to: [192.168.2.130:5672]
2020-01-04 17:25:03.980  WARN 9836 --- [ntContainer#2-2] o.s.a.r.l.SimpleMessageListenerContainer : Consumer raised exception, processing can restart if the connection factory supports it. Exception summary: org.springframework.amqp.AmqpConnectException: java.net.ConnectException: Connection refused: connect
2020-01-04 17:25:03.980  INFO 9836 --- [ntContainer#2-2] o.s.a.r.l.SimpleMessageListenerContainer : Restarting Consumer@48fe357e: tags=[[]], channel=null, acknowledgeMode=AUTO local queue size=0
2020-01-04 17:25:05.003  INFO 9836 --- [           main] o.s.a.r.c.CachingConnectionFactory       : Attempting to connect to: [192.168.2.130:5672]
2020-01-04 17:25:07.020  INFO 9836 --- [ntContainer#2-3] o.s.a.r.c.CachingConnectionFactory       : Attempting to connect to: [192.168.2.130:5672]
]]></system-out>
  </testcase>
</testsuite>